app/build/intermediates/manifest_merge_blame_file/debug/manifest-merger-blame-debug-report.txt
1<?xml version="1.0" encoding="utf-8"?>
2<manifest xmlns:android="http://schemas.android.com/apk/res/android"
3    package="com.example.videostreamingapp"
4    android:versionCode="1"
5    android:versionName="1.0" >
6
7    <uses-sdk
8        android:minSdkVersion="16"
8-->src\main\AndroidManifest.xml
9        android:targetSdkVersion="30" />
9-->src\main\AndroidManifest.xml
10
11    <uses-permission android:name="android.permission.INTERNET" />
11-->src\main\AndroidManifest.xml:5:5-67
11-->src\main\AndroidManifest.xml:5:22-64
12
13    <application
13-->src\main\AndroidManifest.xml:7:5-22:19
14        android:allowBackup="true"
14-->src\main\AndroidManifest.xml:8:9-35
15        android:appComponentFactory="androidx.core.app.CoreComponentFactory"
15-->[androidx.core:core:1.5.0] AndroidManifest.xml:24:18-86
16        android:debuggable="true"
17        android:icon="@mipmap/ic_launcher"
17-->src\main\AndroidManifest.xml:9:9-43
18        android:label="@string/app_name"
18-->src\main\AndroidManifest.xml:10:9-41
19        android:roundIcon="@mipmap/ic_launcher_round"
19-->src\main\AndroidManifest.xml:11:9-54
20        android:supportsRtl="true"
20-->src\main\AndroidManifest.xml:12:9-35
21        android:testOnly="true"
22        android:theme="@style/Theme.VideoStreamingApp" >
22-->src\main\AndroidManifest.xml:13:9-55
23        <activity
23-->src\main\AndroidManifest.xml:14:9-137
24            android:name="com.example.videostreamingapp.Player"
24-->src\main\AndroidManifest.xml:14:19-41
25            android:configChanges="orientation|screenSize"
25-->src\main\AndroidManifest.xml:14:79-125
26            android:screenOrientation="portrait" />
26-->src\main\AndroidManifest.xml:14:42-78
27        <activity android:name="com.example.videostreamingapp.MainActivity" >
27-->src\main\AndroidManifest.xml:15:9-21:20
27-->src\main\AndroidManifest.xml:15:19-47
28            <intent-filter>
28-->src\main\AndroidManifest.xml:16:13-20:29
29                <action android:name="android.intent.action.MAIN" />
29-->src\main\AndroidManifest.xml:17:17-69
29-->src\main\AndroidManifest.xml:17:25-66
30
31                <category android:name="android.intent.category.LAUNCHER" />
31-->src\main\AndroidManifest.xml:19:17-77
31-->src\main\AndroidManifest.xml:19:27-74
32            </intent-filter>
33        </activity>
34
35        <provider
35-->[com.squareup.picasso:picasso:2.71828] AndroidManifest.xml:8:9-11:40
36            android:name="com.squareup.picasso.PicassoProvider"
36-->[com.squareup.picasso:picasso:2.71828] AndroidManifest.xml:9:13-64
37            android:authorities="com.example.videostreamingapp.com.squareup.picasso"
37-->[com.squareup.picasso:picasso:2.71828] AndroidManifest.xml:10:13-72
38            android:exported="false" />
38-->[com.squareup.picasso:picasso:2.71828] AndroidManifest.xml:11:13-37
39    </application>
40
41</manifest>